<?xml version="1.0" encoding="UTF-8"?>
<testsuite name="edu.osu.cs362.Appt_ESTest" time="0.045" tests="34" errors="0" skipped="0" failures="0">
  <properties>
[...]
</properties>
  <testcase name="test19" classname="edu.osu.cs362.Appt_ESTest" time="0.006"/>
  <testcase name="test18" classname="edu.osu.cs362.Appt_ESTest" time="0.002"/>
  <testcase name="test17" classname="edu.osu.cs362.Appt_ESTest" time="0.002"/>
  <testcase name="test12" classname="edu.osu.cs362.Appt_ESTest" time="0.001"/>
  <testcase name="test11" classname="edu.osu.cs362.Appt_ESTest" time="0.001"/>
  <testcase name="test33" classname="edu.osu.cs362.Appt_ESTest" time="0.002"/>
  <testcase name="test10" classname="edu.osu.cs362.Appt_ESTest" time="0.001"/>
  <testcase name="test32" classname="edu.osu.cs362.Appt_ESTest" time="0.002"/>
  <testcase name="test31" classname="edu.osu.cs362.Appt_ESTest" time="0.001"/>
  <testcase name="test16" classname="edu.osu.cs362.Appt_ESTest" time="0.001"/>
  <testcase name="test15" classname="edu.osu.cs362.Appt_ESTest" time="0.002"/>
  <testcase name="test14" classname="edu.osu.cs362.Appt_ESTest" time="0.001"/>
  <testcase name="test13" classname="edu.osu.cs362.Appt_ESTest" time="0.001"/>
  <testcase name="test30" classname="edu.osu.cs362.Appt_ESTest" time="0.001"/>
  <testcase name="test09" classname="edu.osu.cs362.Appt_ESTest" time="0.001"/>
  <testcase name="test08" classname="edu.osu.cs362.Appt_ESTest" time="0.001"/>
  <testcase name="test07" classname="edu.osu.cs362.Appt_ESTest" time="0.002"/>
  <testcase name="test29" classname="edu.osu.cs362.Appt_ESTest" time="0.001"/>
  <testcase name="test06" classname="edu.osu.cs362.Appt_ESTest" time="0.001"/>
  <testcase name="test28" classname="edu.osu.cs362.Appt_ESTest" time="0.001"/>
  <testcase name="test01" classname="edu.osu.cs362.Appt_ESTest" time="0.001"/>
  <testcase name="test23" classname="edu.osu.cs362.Appt_ESTest" time="0.001"/>
  <testcase name="test00" classname="edu.osu.cs362.Appt_ESTest" time="0.001"/>
  <testcase name="test22" classname="edu.osu.cs362.Appt_ESTest" time="0.001"/>
  <testcase name="test21" classname="edu.osu.cs362.Appt_ESTest" time="0.001"/>
  <testcase name="test20" classname="edu.osu.cs362.Appt_ESTest" time="0.001"/>
  <testcase name="test05" classname="edu.osu.cs362.Appt_ESTest" time="0.001"/>
  <testcase name="test27" classname="edu.osu.cs362.Appt_ESTest" time="0.001"/>
  <testcase name="test04" classname="edu.osu.cs362.Appt_ESTest" time="0.001"/>
  <testcase name="test26" classname="edu.osu.cs362.Appt_ESTest" time="0.001"/>
  <testcase name="test03" classname="edu.osu.cs362.Appt_ESTest" time="0.001"/>
  <testcase name="test25" classname="edu.osu.cs362.Appt_ESTest" time="0.001"/>
  <testcase name="test02" classname="edu.osu.cs362.Appt_ESTest" time="0.001"/>
  <testcase name="test24" classname="edu.osu.cs362.Appt_ESTest" time="0.001"/>
</testsuite>